<?xml version="1.0" encoding="UTF-8"?>
<coverage generated="1648421093526" clover="3.2.0">
  <project timestamp="1648421093527" name="All files">
    <metrics statements="20" coveredstatements="20" conditionals="4" coveredconditionals="4" methods="4" coveredmethods="4" elements="28" coveredelements="28" complexity="0" loc="20" ncloc="20" packages="1" files="4" classes="4"/>
    <file name="add.js" path="/Users/mpreccaro/mogueno/challange-node-wit/back/middleware/calculator/add.js">
      <metrics statements="5" coveredstatements="5" conditionals="1" coveredconditionals="1" methods="1" coveredmethods="1"/>
      <line num="1" count="1" type="cond" truecount="1" falsecount="0"/>
      <line num="2" count="1" type="stmt"/>
      <line num="3" count="1" type="stmt"/>
      <line num="4" count="1" type="stmt"/>
      <line num="5" count="1" type="stmt"/>
    </file>
    <file name="divide.js" path="/Users/mpreccaro/mogueno/challange-node-wit/back/middleware/calculator/divide.js">
      <metrics statements="5" coveredstatements="5" conditionals="1" coveredconditionals="1" methods="1" coveredmethods="1"/>
      <line num="1" count="1" type="cond" truecount="1" falsecount="0"/>
      <line num="2" count="1" type="stmt"/>
      <line num="3" count="1" type="stmt"/>
      <line num="4" count="1" type="stmt"/>
      <line num="5" count="1" type="stmt"/>
    </file>
    <file name="multiply.js" path="/Users/mpreccaro/mogueno/challange-node-wit/back/middleware/calculator/multiply.js">
      <metrics statements="5" coveredstatements="5" conditionals="1" coveredconditionals="1" methods="1" coveredmethods="1"/>
      <line num="1" count="1" type="cond" truecount="1" falsecount="0"/>
      <line num="2" count="1" type="stmt"/>
      <line num="3" count="1" type="stmt"/>
      <line num="4" count="1" type="stmt"/>
      <line num="5" count="1" type="stmt"/>
    </file>
    <file name="subtract.js" path="/Users/mpreccaro/mogueno/challange-node-wit/back/middleware/calculator/subtract.js">
      <metrics statements="5" coveredstatements="5" conditionals="1" coveredconditionals="1" methods="1" coveredmethods="1"/>
      <line num="1" count="1" type="cond" truecount="1" falsecount="0"/>
      <line num="2" count="1" type="stmt"/>
      <line num="3" count="1" type="stmt"/>
      <line num="4" count="1" type="stmt"/>
      <line num="5" count="1" type="stmt"/>
    </file>
  </project>
</coverage>
